\BOOKMARK [1][-]{section.1}{Introduction}{}% 1
\BOOKMARK [2][-]{subsection.1.1}{Motivation}{section.1}% 2
\BOOKMARK [2][-]{subsection.1.2}{Key Features}{section.1}% 3
\BOOKMARK [1][-]{section.2}{Language Tutorial}{}% 4
\BOOKMARK [2][-]{subsection.2.1}{Basic Structure of A GPL Program}{section.2}% 5
\BOOKMARK [2][-]{subsection.2.2}{Built-in Data Types and Variable Assignment}{section.2}% 6
\BOOKMARK [2][-]{subsection.2.3}{Control Structures}{section.2}% 7
\BOOKMARK [2][-]{subsection.2.4}{Writing and Calling a Function}{section.2}% 8
\BOOKMARK [2][-]{subsection.2.5}{Advanced Date Types}{section.2}% 9
\BOOKMARK [2][-]{subsection.2.6}{Defining a Graph}{section.2}% 10
\BOOKMARK [3][-]{subsubsection.2.6.1}{Defining a Graph with Redundancy}{subsection.2.6}% 11
\BOOKMARK [3][-]{subsubsection.2.6.2}{Defining a Graph with Edge Weights}{subsection.2.6}% 12
\BOOKMARK [1][-]{section.3}{Language Manual}{}% 13
\BOOKMARK [2][-]{subsection.3.1}{Introduction}{section.3}% 14
\BOOKMARK [2][-]{subsection.3.2}{Lexical Conventions}{section.3}% 15
\BOOKMARK [3][-]{subsubsection.3.2.1}{Comments}{subsection.3.2}% 16
\BOOKMARK [3][-]{subsubsection.3.2.2}{Identifiers}{subsection.3.2}% 17
\BOOKMARK [3][-]{subsubsection.3.2.3}{Keywords}{subsection.3.2}% 18
\BOOKMARK [3][-]{subsubsection.3.2.4}{Object Type}{subsection.3.2}% 19
\BOOKMARK [3][-]{subsubsection.3.2.5}{Literals}{subsection.3.2}% 20
\BOOKMARK [2][-]{subsection.3.3}{Expressions}{section.3}% 21
\BOOKMARK [3][-]{subsubsection.3.3.1}{Primary Expressions}{subsection.3.3}% 22
\BOOKMARK [3][-]{subsubsection.3.3.2}{Graph Definition Operators}{subsection.3.3}% 23
\BOOKMARK [3][-]{subsubsection.3.3.3}{Unary Operators}{subsection.3.3}% 24
\BOOKMARK [3][-]{subsubsection.3.3.4}{Multiplicative Operators}{subsection.3.3}% 25
\BOOKMARK [3][-]{subsubsection.3.3.5}{Additive operators}{subsection.3.3}% 26
\BOOKMARK [3][-]{subsubsection.3.3.6}{Relational operators}{subsection.3.3}% 27
\BOOKMARK [3][-]{subsubsection.3.3.7}{Assignment operators}{subsection.3.3}% 28
\BOOKMARK [3][-]{subsubsection.3.3.8}{Logical operators}{subsection.3.3}% 29
\BOOKMARK [3][-]{subsubsection.3.3.9}{Function calls}{subsection.3.3}% 30
\BOOKMARK [2][-]{subsection.3.4}{Declarations}{section.3}% 31
\BOOKMARK [3][-]{subsubsection.3.4.1}{Type specifiers}{subsection.3.4}% 32
\BOOKMARK [3][-]{subsubsection.3.4.2}{Variable Declarators}{subsection.3.4}% 33
\BOOKMARK [3][-]{subsubsection.3.4.3}{Graph Expression}{subsection.3.4}% 34
\BOOKMARK [3][-]{subsubsection.3.4.4}{Function declarations}{subsection.3.4}% 35
\BOOKMARK [2][-]{subsection.3.5}{Statements}{section.3}% 36
\BOOKMARK [3][-]{subsubsection.3.5.1}{Expression statement}{subsection.3.5}% 37
\BOOKMARK [3][-]{subsubsection.3.5.2}{Compound statement}{subsection.3.5}% 38
\BOOKMARK [3][-]{subsubsection.3.5.3}{Conditional statement}{subsection.3.5}% 39
\BOOKMARK [3][-]{subsubsection.3.5.4}{While statement}{subsection.3.5}% 40
\BOOKMARK [3][-]{subsubsection.3.5.5}{For statement}{subsection.3.5}% 41
\BOOKMARK [3][-]{subsubsection.3.5.6}{Return statement}{subsection.3.5}% 42
\BOOKMARK [3][-]{subsubsection.3.5.7}{Null statement}{subsection.3.5}% 43
\BOOKMARK [2][-]{subsection.3.6}{Scoping}{section.3}% 44
\BOOKMARK [1][-]{section.4}{Project Plan}{}% 45
\BOOKMARK [2][-]{subsection.4.1}{Planning}{section.4}% 46
\BOOKMARK [2][-]{subsection.4.2}{Specification}{section.4}% 47
\BOOKMARK [2][-]{subsection.4.3}{Development}{section.4}% 48
\BOOKMARK [2][-]{subsection.4.4}{Testing}{section.4}% 49
\BOOKMARK [2][-]{subsection.4.5}{Programming Style Guide}{section.4}% 50
\BOOKMARK [2][-]{subsection.4.6}{Project Timeline}{section.4}% 51
\BOOKMARK [2][-]{subsection.4.7}{Roles and Responsibility}{section.4}% 52
\BOOKMARK [3][-]{subsubsection.4.7.1}{Development Environment}{subsection.4.7}% 53
\BOOKMARK [3][-]{subsubsection.4.7.2}{Project Log}{subsection.4.7}% 54
\BOOKMARK [1][-]{section.5}{Architectural Design}{}% 55
\BOOKMARK [2][-]{subsection.5.1}{Scanning}{section.5}% 56
\BOOKMARK [2][-]{subsection.5.2}{Parsing and Abstract Syntax Tree}{section.5}% 57
\BOOKMARK [2][-]{subsection.5.3}{Semantic check and SAST}{section.5}% 58
\BOOKMARK [2][-]{subsection.5.4}{Code generation}{section.5}% 59
\BOOKMARK [1][-]{section.6}{Test Plan}{}% 60
\BOOKMARK [2][-]{subsection.6.1}{GPL Demo Code}{section.6}% 61
\BOOKMARK [3][-]{subsubsection.6.1.1}{GCD}{subsection.6.1}% 62
\BOOKMARK [2][-]{subsection.6.2}{Test Suite}{section.6}% 63
\BOOKMARK [2][-]{subsection.6.3}{Test Cases Explained}{section.6}% 64
\BOOKMARK [1][-]{section.7}{Lessons Learned}{}% 65
\BOOKMARK [2][-]{subsection.7.1}{Ephraim Park}{section.7}% 66
\BOOKMARK [2][-]{subsection.7.2}{Peiqian Li}{section.7}% 67
\BOOKMARK [2][-]{subsection.7.3}{Qingxiang Jia}{section.7}% 68
\BOOKMARK [1][-]{section.8}{Appendix}{}% 69
\BOOKMARK [2][-]{subsection.8.1}{scanner.mll}{section.8}% 70
\BOOKMARK [2][-]{subsection.8.2}{parser.mly}{section.8}% 71
\BOOKMARK [2][-]{subsection.8.3}{ast.ml}{section.8}% 72
\BOOKMARK [2][-]{subsection.8.4}{sast.ml}{section.8}% 73
\BOOKMARK [2][-]{subsection.8.5}{cgen.ml}{section.8}% 74
\BOOKMARK [2][-]{subsection.8.6}{gpl.ml}{section.8}% 75
\BOOKMARK [2][-]{subsection.8.7}{libgraph.h}{section.8}% 76
\BOOKMARK [2][-]{subsection.8.8}{libprint.h}{section.8}% 77
\BOOKMARK [2][-]{subsection.8.9}{libstring.h}{section.8}% 78
\BOOKMARK [2][-]{subsection.8.10}{Demo: Kosaraju.gpl}{section.8}% 79
\BOOKMARK [2][-]{subsection.8.11}{Demo: all\137path.gpl}{section.8}% 80
\BOOKMARK [2][-]{subsection.8.12}{Demo: dijkstra.gpl}{section.8}% 81
\BOOKMARK [2][-]{subsection.8.13}{Demo: edge\137merge\137sort.gpl}{section.8}% 82
\BOOKMARK [2][-]{subsection.8.14}{Demo: int\137merge\137sort.gpl}{section.8}% 83
\BOOKMARK [2][-]{subsection.8.15}{Demo: gcd\137i.gpl}{section.8}% 84
\BOOKMARK [2][-]{subsection.8.16}{Demo: gcd\137r.gpl}{section.8}% 85
\BOOKMARK [2][-]{subsection.8.17}{Demo: edge\137merge\137sort.gpl}{section.8}% 86
\BOOKMARK [2][-]{subsection.8.18}{Demo: kruskal.gpl}{section.8}% 87
\BOOKMARK [2][-]{subsection.8.19}{Demo: slides.gpl}{section.8}% 88
